Arguments: 
  D:\dev\nodejs\node.exe C:\Users\darcrand\AppData\Roaming\npm\node_modules\yarn\bin\yarn.js add .

PATH: 
  C:\Users\darcrand\bin;D:\dev\Git\mingw64\bin;D:\dev\Git\usr\local\bin;D:\dev\Git\usr\bin;D:\dev\Git\usr\bin;D:\dev\Git\mingw64\bin;D:\dev\Git\usr\bin;C:\Users\darcrand\bin;C:\WINDOWS\system32;C:\WINDOWS;C:\WINDOWS\System32\Wbem;C:\WINDOWS\System32\WindowsPowerShell\v1.0;D:\dev\nodejs;D:\dev\Git\cmd;C:\Program Files (x86)\NVIDIA Corporation\PhysX\Common;C:\Users\darcrand\AppData\Local\Microsoft\WindowsApps;C:\Users\darcrand\AppData\Roaming\npm;D:\dev\Microsoft VS Code\bin;D:\dev\Git\usr\bin\vendor_perl;D:\dev\Git\usr\bin\core_perl

Yarn version: 
  1.5.1

Node version: 
  9.4.0

Platform: 
  win32 x64

npm manifest: 
  No manifest

yarn manifest: 
  No manifest

Lockfile: 
  No lockfile

Trace: 
  Error: Received malformed response from registry for undefined. The registry may be down.
      at new MessageError (C:\Users\darcrand\AppData\Roaming\npm\node_modules\yarn\lib\cli.js:186:110)
      at Function.<anonymous> (C:\Users\darcrand\AppData\Roaming\npm\node_modules\yarn\lib\cli.js:51419:15)
      at Generator.next (<anonymous>)
      at step (C:\Users\darcrand\AppData\Roaming\npm\node_modules\yarn\lib\cli.js:98:30)
      at C:\Users\darcrand\AppData\Roaming\npm\node_modules\yarn\lib\cli.js:116:14
      at new Promise (<anonymous>)
      at new F (C:\Users\darcrand\AppData\Roaming\npm\node_modules\yarn\lib\cli.js:23451:28)
      at Function.<anonymous> (C:\Users\darcrand\AppData\Roaming\npm\node_modules\yarn\lib\cli.js:95:12)
      at Function.findVersionInRegistryResponse (C:\Users\darcrand\AppData\Roaming\npm\node_modules\yarn\lib\cli.js:51461:19)
      at NpmResolver.<anonymous> (C:\Users\darcrand\AppData\Roaming\npm\node_modules\yarn\lib\cli.js:51479:28)
